info: Microsoft.AspNetCore.DataProtection.KeyManagement.XmlKeyManager[0]
      User profile is available. Using 'C:\Users\kmushore\AppData\Local\ASP.NET\DataProtection-Keys' as key repository and Windows DPAPI to encrypt keys at rest.
Hosting environment: Development
Content root path: C:\Users\kmushore\Documents\Visual Studio 2017\Projects\MicroApiDemo\Host
Now listening on: http://127.0.0.1:24238
Application started. Press Ctrl+C to shut down.
info: Microsoft.AspNetCore.Hosting.Internal.WebHost[1]
      Request starting HTTP/1.1 GET http://localhost:44362/api/values  
info: Microsoft.AspNetCore.Hosting.Internal.WebHost[2]
      Request finished in 3027.6191ms 404 
info: Microsoft.AspNetCore.Hosting.Internal.WebHost[1]
      Request starting HTTP/1.1 GET http://localhost:44362/swagger/index.html  
info: Microsoft.AspNetCore.Hosting.Internal.WebHost[2]
      Request finished in 281.3633ms 200 text/html
info: Microsoft.AspNetCore.Hosting.Internal.WebHost[1]
      Request starting HTTP/1.1 GET http://localhost:44362/swagger/v1/swagger.json  
info: Microsoft.AspNetCore.Hosting.Internal.WebHost[1]
      Request starting HTTP/1.1 GET http://localhost:44362/swagger/favicon-32x32.png  
info: Microsoft.AspNetCore.StaticFiles.StaticFileMiddleware[2]
      Sending file. Request path: '/favicon-32x32.png'. Physical path: 'N/A'
info: Microsoft.AspNetCore.Hosting.Internal.WebHost[2]
      Request finished in 12.5232ms 200 image/png
info: Microsoft.AspNetCore.Hosting.Internal.WebHost[2]
      Request finished in 224.3424ms 200 application/json;charset=utf-8
info: Microsoft.AspNetCore.Hosting.Internal.WebHost[1]
      Request starting HTTP/1.1 GET http://localhost:44362/swagger/oauth2-redirect.html  
info: Microsoft.AspNetCore.StaticFiles.StaticFileMiddleware[6]
      The file /oauth2-redirect.html was not modified
info: Microsoft.AspNetCore.Hosting.Internal.WebHost[2]
      Request finished in 259.3163ms 304 text/html
info: Microsoft.AspNetCore.Hosting.Internal.WebHost[1]
      Request starting HTTP/1.1 GET http://localhost:44362/api/Identity  
info: Microsoft.AspNetCore.Authentication.JwtBearer.JwtBearerHandler[2]
      Successfully validated the token.
info: Microsoft.AspNetCore.Mvc.Internal.ControllerActionInvoker[1]
      Route matched with {action = "Get", controller = "Identity"}. Executing action UserManagement.Controllers.IdentityController.Get (UserManagement)
info: Microsoft.AspNetCore.Authorization.DefaultAuthorizationService[1]
      Authorization was successful.
info: Microsoft.AspNetCore.Mvc.Internal.ControllerActionInvoker[1]
      Executing action method UserManagement.Controllers.IdentityController.Get (UserManagement) - Validation state: Valid
info: Microsoft.AspNetCore.Mvc.Internal.ControllerActionInvoker[2]
      Executed action method UserManagement.Controllers.IdentityController.Get (UserManagement), returned result Microsoft.AspNetCore.Mvc.ObjectResult in 6.2005ms.
info: Microsoft.AspNetCore.Mvc.Infrastructure.ObjectResultExecutor[1]
      Executing ObjectResult, writing value of type 'UserManagement.Models.User'.
info: Microsoft.AspNetCore.Mvc.Internal.ControllerActionInvoker[2]
      Executed action UserManagement.Controllers.IdentityController.Get (UserManagement) in 41.0916ms
info: Microsoft.AspNetCore.Hosting.Internal.WebHost[2]
      Request finished in 536.1483ms 200 application/json; charset=utf-8
info: Microsoft.AspNetCore.Hosting.Internal.WebHost[1]
      Request starting HTTP/1.1 GET http://localhost:44362/api/Identity  
info: Microsoft.AspNetCore.Authentication.JwtBearer.JwtBearerHandler[2]
      Successfully validated the token.
info: Microsoft.AspNetCore.Mvc.Internal.ControllerActionInvoker[1]
      Route matched with {action = "Get", controller = "Identity"}. Executing action UserManagement.Controllers.IdentityController.Get (UserManagement)
info: Microsoft.AspNetCore.Authorization.DefaultAuthorizationService[1]
      Authorization was successful.
info: Microsoft.AspNetCore.Mvc.Internal.ControllerActionInvoker[1]
      Executing action method UserManagement.Controllers.IdentityController.Get (UserManagement) - Validation state: Valid
info: Microsoft.AspNetCore.Mvc.Internal.ControllerActionInvoker[2]
      Executed action method UserManagement.Controllers.IdentityController.Get (UserManagement), returned result Microsoft.AspNetCore.Mvc.ObjectResult in 0.0397ms.
info: Microsoft.AspNetCore.Mvc.Infrastructure.ObjectResultExecutor[1]
      Executing ObjectResult, writing value of type 'UserManagement.Models.User'.
info: Microsoft.AspNetCore.Mvc.Internal.ControllerActionInvoker[2]
      Executed action UserManagement.Controllers.IdentityController.Get (UserManagement) in 1.0181ms
info: Microsoft.AspNetCore.Hosting.Internal.WebHost[2]
      Request finished in 176.8748ms 200 application/json; charset=utf-8
info: Microsoft.AspNetCore.Hosting.Internal.WebHost[1]
      Request starting HTTP/1.1 GET http://localhost:44362/api/Users  
info: Microsoft.AspNetCore.Authentication.JwtBearer.JwtBearerHandler[2]
      Successfully validated the token.
info: Microsoft.AspNetCore.Mvc.Internal.ControllerActionInvoker[1]
      Route matched with {action = "Get", controller = "Users"}. Executing action UserManagement.UsersController.Get (UserManagement)
info: Microsoft.AspNetCore.Authorization.DefaultAuthorizationService[1]
      Authorization was successful.
info: Microsoft.AspNetCore.Mvc.Internal.ControllerActionInvoker[1]
      Executing action method UserManagement.UsersController.Get (UserManagement) - Validation state: Valid
info: Microsoft.EntityFrameworkCore.Infrastructure[10403]
      Entity Framework Core 2.1.4-rtm-31024 initialized 'SsoDbContext' using provider 'Microsoft.EntityFrameworkCore.SqlServer' with options: None
info: Microsoft.AspNetCore.Mvc.Internal.ControllerActionInvoker[2]
      Executed action method UserManagement.UsersController.Get (UserManagement), returned result Microsoft.AspNetCore.Mvc.ObjectResult in 172.3223ms.
info: Microsoft.AspNetCore.Mvc.Infrastructure.ObjectResultExecutor[1]
      Executing ObjectResult, writing value of type 'Microsoft.EntityFrameworkCore.Query.Internal.EntityQueryable`1[[UserManagement.Models.User, UserManagement, Version=1.0.0.0, Culture=neutral, PublicKeyToken=null]]'.
info: Microsoft.EntityFrameworkCore.Database.Command[20101]
      Executed DbCommand (10ms) [Parameters=[], CommandType='Text', CommandTimeout='30']
      SELECT [u].[UsersId], [u].[Username], [u].[Name], [u].[Surname], [u].[Profile]
      FROM [Users] AS [u]
info: Microsoft.AspNetCore.Mvc.Internal.ControllerActionInvoker[2]
      Executed action UserManagement.UsersController.Get (UserManagement) in 431.8308ms
info: Microsoft.AspNetCore.Hosting.Internal.WebHost[2]
      Request finished in 623.6835ms 200 application/json; charset=utf-8









































