info: Microsoft.AspNetCore.DataProtection.KeyManagement.XmlKeyManager[0]
      User profile is available. Using 'C:\Users\kmushore\AppData\Local\ASP.NET\DataProtection-Keys' as key repository and Windows DPAPI to encrypt keys at rest.
Hosting environment: Development
Content root path: C:\Users\kmushore\Documents\Visual Studio 2017\Projects\MicroApiDemo\Host
Now listening on: http://127.0.0.1:17172
Application started. Press Ctrl+C to shut down.
info: Microsoft.AspNetCore.Hosting.Internal.WebHost[1]
      Request starting HTTP/1.1 GET http://localhost:44362/api/values  
info: Microsoft.AspNetCore.Hosting.Internal.WebHost[2]
      Request finished in 1687.1212ms 404 
info: Microsoft.AspNetCore.Hosting.Internal.WebHost[1]
      Request starting HTTP/1.1 PUT http://localhost:44362/api/LockUsers?username=alice@zaza  0
info: Microsoft.AspNetCore.Mvc.Internal.ControllerActionInvoker[1]
      Route matched with {action = "Put", controller = "LockUsers"}. Executing action UserManagement.Controllers.LockUsersController.Put (UserManagement)
info: Microsoft.AspNetCore.Mvc.Internal.ControllerActionInvoker[1]
      Executing action method UserManagement.Controllers.LockUsersController.Put (UserManagement) with arguments (alice@zaza) - Validation state: Valid
info: Microsoft.EntityFrameworkCore.Infrastructure[10403]
      Entity Framework Core 2.1.4-rtm-31024 initialized 'SsoDbContext' using provider 'Microsoft.EntityFrameworkCore.SqlServer' with options: None
info: Microsoft.EntityFrameworkCore.Database.Command[20101]
      Executed DbCommand (2ms) [Parameters=[@__username_0='?' (Size = 150)], CommandType='Text', CommandTimeout='30']
      SELECT TOP(1) [u].[UsersId], [u].[IsLockedOut], [u].[Name], [u].[Password], [u].[PasswordRetryCount], [u].[Profile], [u].[Surname], [u].[Username]
      FROM [Users] AS [u]
      WHERE [u].[Username] = @__username_0
info: Microsoft.AspNetCore.Mvc.Internal.ControllerActionInvoker[2]
      Executed action method UserManagement.Controllers.LockUsersController.Put (UserManagement), returned result Microsoft.AspNetCore.Mvc.ForbidResult in 225.5917ms.
info: Microsoft.AspNetCore.Mvc.ForbidResult[1]
      Executing ForbidResult with authentication schemes ().
info: Microsoft.AspNetCore.Authentication.JwtBearer.JwtBearerHandler[13]
      AuthenticationScheme: Bearer was forbidden.
info: Microsoft.AspNetCore.Mvc.Internal.ControllerActionInvoker[2]
      Executed action UserManagement.Controllers.LockUsersController.Put (UserManagement) in 307.0902ms
info: Microsoft.AspNetCore.Hosting.Internal.WebHost[2]
      Request finished in 450.9693ms 403 
